<?xml version="1.0" encoding="UTF-8"?>
<Site BuildName="Linux-g++"
	BuildStamp="20230828-1207-Experimental"
	Name="U20"
	Generator="ctest-3.16.3"
	CompilerName="/usr/bin/g++"
	CompilerVersion="9.4.0"
	OSName="Linux"
	Hostname="U20"
	OSRelease="5.15.0-79-generic"
	OSVersion="#86~20.04.2-Ubuntu SMP Mon Jul 17 23:27:17 UTC 2023"
	OSPlatform="x86_64"
	Is64Bits="1"
	VendorString="GenuineIntel"
	VendorID="Intel Corporation"
	FamilyID="6"
	ModelID="183"
	ProcessorCacheSize="24576"
	NumberOfLogicalCPU="4"
	NumberOfPhysicalCPU="4"
	TotalVirtualMemory="1873"
	TotalPhysicalMemory="15954"
	LogicalProcessorsPerPhysical="1"
	ProcessorClockFrequency="3494.4"
	>
	<Testing>
		<StartDateTime>Aug 28 20:16 CST</StartDateTime>
		<StartTestTime>1693224968</StartTestTime>
		<TestList/>
		<EndDateTime>Aug 28 20:16 CST</EndDateTime>
		<EndTestTime>1693224968</EndTestTime>
		<ElapsedMinutes>0</ElapsedMinutes>
	</Testing>
</Site>
